This is pdfTeX, Version 3.14159265-2.6-1.40.17 (MiKTeX 2.9 64-bit) (preloaded format=pdflatex 2016.6.30)  7 JUL 2016 21:18
entering extended mode
**./Nan_Thesis.tex
(Nan_Thesis.tex
LaTeX2e <2016/03/31> patch level 2
Babel <3.9r> and hyphenation patterns for 75 language(s) loaded.
(Nan_Thesis.cls

LaTeX Warning: You have requested document class `Nan_Thesis',
               but the document class provides `uofsthesis-cs'.

Document Class: uofsthesis-cs 2014/10/02 -- U of S Thesis Style for Computer Sc
ience (v. 1.4.18), -- Mark G. Eramian
("D:\Program Files\MiKTeX 2.9\tex\latex\base\report.cls"
Document Class: report 2014/09/29 v1.4h Standard LaTeX document class
("D:\Program Files\MiKTeX 2.9\tex\latex\base\size10.clo"
File: size10.clo 2014/09/29 v1.4h Standard LaTeX file (size option)
)
\c@part=\count79
\c@chapter=\count80
\c@section=\count81
\c@subsection=\count82
\c@subsubsection=\count83
\c@paragraph=\count84
\c@subparagraph=\count85
\c@figure=\count86
\c@table=\count87
\abovecaptionskip=\skip41
\belowcaptionskip=\skip42
\bibindent=\dimen102
)
("D:\Program Files\MiKTeX 2.9\tex\latex\tocloft\tocloft.sty"
Package: tocloft 2013/05/02 v2.3f parameterised ToC, etc., typesetting
Package tocloft Info: The document has chapter divisions on input line 44.
\cftparskip=\skip43
\cftbeforetoctitleskip=\skip44
\cftaftertoctitleskip=\skip45
\cftbeforepartskip=\skip46
\cftpartnumwidth=\skip47
\cftpartindent=\skip48
\cftbeforechapskip=\skip49
\cftchapindent=\skip50
\cftchapnumwidth=\skip51
\cftbeforesecskip=\skip52
\cftsecindent=\skip53
\cftsecnumwidth=\skip54
\cftbeforesubsecskip=\skip55
\cftsubsecindent=\skip56
\cftsubsecnumwidth=\skip57
\cftbeforesubsubsecskip=\skip58
\cftsubsubsecindent=\skip59
\cftsubsubsecnumwidth=\skip60
\cftbeforeparaskip=\skip61
\cftparaindent=\skip62
\cftparanumwidth=\skip63
\cftbeforesubparaskip=\skip64
\cftsubparaindent=\skip65
\cftsubparanumwidth=\skip66
\cftbeforeloftitleskip=\skip67
\cftafterloftitleskip=\skip68
\cftbeforefigskip=\skip69
\cftfigindent=\skip70
\cftfignumwidth=\skip71
\c@lofdepth=\count88
\c@lotdepth=\count89
\cftbeforelottitleskip=\skip72
\cftafterlottitleskip=\skip73
\cftbeforetabskip=\skip74
\cfttabindent=\skip75
\cfttabnumwidth=\skip76
)
("D:\Program Files\MiKTeX 2.9\tex\latex\titlesec\titlesec.sty"
Package: titlesec 2016/03/21 v2.10.2 Sectioning titles
\ttl@box=\box26
\beforetitleunit=\skip77
\aftertitleunit=\skip78
\ttl@plus=\dimen103
\ttl@minus=\dimen104
\ttl@toksa=\toks14
\titlewidth=\dimen105
\titlewidthlast=\dimen106
\titlewidthfirst=\dimen107
)
("D:\Program Files\MiKTeX 2.9\tex\latex\caption\caption.sty"
Package: caption 2016/02/21 v3.3-144 Customizing captions (AR)

("D:\Program Files\MiKTeX 2.9\tex\latex\caption\caption3.sty"
Package: caption3 2016/05/22 v1.7-166 caption3 kernel (AR)
Package caption3 Info: TeX engine: e-TeX on input line 67.

("D:\Program Files\MiKTeX 2.9\tex\latex\graphics\keyval.sty"
Package: keyval 2014/10/28 v1.15 key=value parser (DPC)
\KV@toks@=\toks15
)
\captionmargin=\dimen108
\captionmargin@=\dimen109
\captionwidth=\dimen110
\caption@tempdima=\dimen111
\caption@indent=\dimen112
\caption@parindent=\dimen113
\caption@hangindent=\dimen114
)
\c@ContinuedFloat=\count90
)
("D:\Program Files\MiKTeX 2.9\tex\latex\geometry\geometry.sty"
Package: geometry 2010/09/12 v5.6 Page Geometry

("D:\Program Files\MiKTeX 2.9\tex\generic\oberdiek\ifpdf.sty"
Package: ifpdf 2016/05/14 v3.1 Provides the ifpdf switch
)
("D:\Program Files\MiKTeX 2.9\tex\generic\oberdiek\ifvtex.sty"
Package: ifvtex 2016/05/16 v1.6 Detect VTeX and its facilities (HO)
Package ifvtex Info: VTeX not detected.
)
("D:\Program Files\MiKTeX 2.9\tex\generic\ifxetex\ifxetex.sty"
Package: ifxetex 2010/09/12 v0.6 Provides ifxetex conditional
)
\Gm@cnth=\count91
\Gm@cntv=\count92
\c@Gm@tempcnt=\count93
\Gm@bindingoffset=\dimen115
\Gm@wd@mp=\dimen116
\Gm@odd@mp=\dimen117
\Gm@even@mp=\dimen118
\Gm@layoutwidth=\dimen119
\Gm@layoutheight=\dimen120
\Gm@layouthoffset=\dimen121
\Gm@layoutvoffset=\dimen122
\Gm@dimlist=\toks16

("D:\Program Files\MiKTeX 2.9\tex\latex\geometry\geometry.cfg"))
("D:\Program Files\MiKTeX 2.9\tex\latex\tools\longtable.sty"
Package: longtable 2014/10/28 v4.11 Multi-page Table package (DPC)
\LTleft=\skip79
\LTright=\skip80
\LTpre=\skip81
\LTpost=\skip82
\LTchunksize=\count94
\LTcapwidth=\dimen123
\LT@head=\box27
\LT@firsthead=\box28
\LT@foot=\box29
\LT@lastfoot=\box30
\LT@cols=\count95
\LT@rows=\count96
\c@LT@tables=\count97
\c@LT@chunks=\count98
\LT@p@ftn=\toks17
))
("D:\Program Files\MiKTeX 2.9\tex\latex\graphics\graphicx.sty"
Package: graphicx 2014/10/28 v1.0g Enhanced LaTeX Graphics (DPC,SPQR)

("D:\Program Files\MiKTeX 2.9\tex\latex\graphics\graphics.sty"
Package: graphics 2016/06/02 v1.0s Standard LaTeX Graphics (DPC,SPQR)

("D:\Program Files\MiKTeX 2.9\tex\latex\graphics\trig.sty"
Package: trig 2016/01/03 v1.10 sin cos tan (DPC)
)
("D:\Program Files\MiKTeX 2.9\tex\latex\00miktex\graphics.cfg"
File: graphics.cfg 2016/06/04 v1.11 sample graphics configuration
)
Package graphics Info: Driver file: pdftex.def on input line 99.

("D:\Program Files\MiKTeX 2.9\tex\latex\pdftex-def\pdftex.def"
File: pdftex.def 2016/06/17 v0.06h Graphics/color for pdfTeX

("D:\Program Files\MiKTeX 2.9\tex\generic\oberdiek\infwarerr.sty"
Package: infwarerr 2016/05/16 v1.4 Providing info/warning/error messages (HO)
)
("D:\Program Files\MiKTeX 2.9\tex\generic\oberdiek\ltxcmds.sty"
Package: ltxcmds 2016/05/16 v1.23 LaTeX kernel commands for general use (HO)
)
\Gread@gobject=\count99
))
\Gin@req@height=\dimen124
\Gin@req@width=\dimen125
)
("D:\Program Files\MiKTeX 2.9\tex\latex\float\float.sty"
Package: float 2001/11/08 v1.3d Float enhancements (AL)
\c@float@type=\count100
\float@exts=\toks18
\float@box=\box31
\@float@everytoks=\toks19
\@floatcapt=\box32
)
("D:\Program Files\MiKTeX 2.9\tex\latex\url\url.sty"
\Urlmuskip=\muskip10
Package: url 2013/09/16  ver 3.4  Verb mode for urls, etc.
)
("D:\Program Files\MiKTeX 2.9\tex\latex\hyperref\hyperref.sty"
Package: hyperref 2016/06/24 v6.83q Hypertext links for LaTeX

("D:\Program Files\MiKTeX 2.9\tex\generic\oberdiek\hobsub-hyperref.sty"
Package: hobsub-hyperref 2016/05/16 v1.14 Bundle oberdiek, subset hyperref (HO)


("D:\Program Files\MiKTeX 2.9\tex\generic\oberdiek\hobsub-generic.sty"
Package: hobsub-generic 2016/05/16 v1.14 Bundle oberdiek, subset generic (HO)
Package: hobsub 2016/05/16 v1.14 Construct package bundles (HO)
Package hobsub Info: Skipping package `infwarerr' (already loaded).
Package hobsub Info: Skipping package `ltxcmds' (already loaded).
Package: ifluatex 2016/05/16 v1.4 Provides the ifluatex switch (HO)
Package ifluatex Info: LuaTeX not detected.
Package hobsub Info: Skipping package `ifvtex' (already loaded).
Package: intcalc 2016/05/16 v1.2 Expandable calculations with integers (HO)
Package hobsub Info: Skipping package `ifpdf' (already loaded).
Package: etexcmds 2016/05/16 v1.6 Avoid name clashes with e-TeX commands (HO)
Package etexcmds Info: Could not find \expanded.
(etexcmds)             That can mean that you are not using pdfTeX 1.50 or
(etexcmds)             that some package has redefined \expanded.
(etexcmds)             In the latter case, load this package earlier.
Package: kvsetkeys 2016/05/16 v1.17 Key value parser (HO)
Package: kvdefinekeys 2016/05/16 v1.4 Define keys (HO)
Package: pdftexcmds 2016/05/21 v0.22 Utility functions of pdfTeX for LuaTeX (HO
)
Package pdftexcmds Info: LuaTeX not detected.
Package pdftexcmds Info: \pdf@primitive is available.
Package pdftexcmds Info: \pdf@ifprimitive is available.
Package pdftexcmds Info: \pdfdraftmode found.
Package: pdfescape 2016/05/16 v1.14 Implements pdfTeX's escape features (HO)
Package: bigintcalc 2016/05/16 v1.4 Expandable calculations on big integers (HO
)
Package: bitset 2016/05/16 v1.2 Handle bit-vector datatype (HO)
Package: uniquecounter 2016/05/16 v1.3 Provide unlimited unique counter (HO)
)
Package hobsub Info: Skipping package `hobsub' (already loaded).
Package: letltxmacro 2016/05/16 v1.5 Let assignment for LaTeX macros (HO)
Package: hopatch 2016/05/16 v1.3 Wrapper for package hooks (HO)
Package: xcolor-patch 2016/05/16 xcolor patch
Package: atveryend 2016/05/16 v1.9 Hooks at the very end of document (HO)
Package atveryend Info: \enddocument detected (standard20110627).
Package: atbegshi 2016/06/09 v1.18 At begin shipout hook (HO)
Package: refcount 2016/05/16 v3.5 Data extraction from label references (HO)
Package: hycolor 2016/05/16 v1.8 Color options for hyperref/bookmark (HO)
)
("D:\Program Files\MiKTeX 2.9\tex\latex\oberdiek\auxhook.sty"
Package: auxhook 2016/05/16 v1.4 Hooks for auxiliary files (HO)
)
("D:\Program Files\MiKTeX 2.9\tex\latex\oberdiek\kvoptions.sty"
Package: kvoptions 2016/05/16 v3.12 Key value format for package options (HO)
)
\@linkdim=\dimen126
\Hy@linkcounter=\count101
\Hy@pagecounter=\count102

("D:\Program Files\MiKTeX 2.9\tex\latex\hyperref\pd1enc.def"
File: pd1enc.def 2016/06/24 v6.83q Hyperref: PDFDocEncoding definition (HO)
)
\Hy@SavedSpaceFactor=\count103

("D:\Program Files\MiKTeX 2.9\tex\latex\00miktex\hyperref.cfg"
File: hyperref.cfg 2002/06/06 v1.2 hyperref configuration of TeXLive
)
Package hyperref Info: Hyper figures OFF on input line 4486.
Package hyperref Info: Link nesting OFF on input line 4491.
Package hyperref Info: Hyper index ON on input line 4494.
Package hyperref Info: Plain pages OFF on input line 4501.
Package hyperref Info: Backreferencing OFF on input line 4506.
Package hyperref Info: Implicit mode ON; LaTeX internals redefined.
Package hyperref Info: Bookmarks ON on input line 4735.
\c@Hy@tempcnt=\count104
LaTeX Info: Redefining \url on input line 5088.
\XeTeXLinkMargin=\dimen127
\Fld@menulength=\count105
\Field@Width=\dimen128
\Fld@charsize=\dimen129
Package hyperref Info: Hyper figures OFF on input line 6342.
Package hyperref Info: Link nesting OFF on input line 6347.
Package hyperref Info: Hyper index ON on input line 6350.
Package hyperref Info: backreferencing OFF on input line 6357.
Package hyperref Info: Link coloring OFF on input line 6362.
Package hyperref Info: Link coloring with OCG OFF on input line 6367.
Package hyperref Info: PDF/A mode OFF on input line 6372.
LaTeX Info: Redefining \ref on input line 6412.
LaTeX Info: Redefining \pageref on input line 6416.
\Hy@abspage=\count106
\c@Item=\count107
\c@Hfootnote=\count108
)

Package hyperref Message: Driver (autodetected): hpdftex.

("D:\Program Files\MiKTeX 2.9\tex\latex\hyperref\hpdftex.def"
File: hpdftex.def 2016/06/24 v6.83q Hyperref driver for pdfTeX
\Fld@listcount=\count109
\c@bookmark@seq@number=\count110

("D:\Program Files\MiKTeX 2.9\tex\latex\oberdiek\rerunfilecheck.sty"
Package: rerunfilecheck 2016/05/16 v1.8 Rerun checks for auxiliary files (HO)
Package uniquecounter Info: New unique counter `rerunfilecheck' on input line 2
82.
)
\Hy@SectionHShift=\skip83
)
("D:\Program Files\MiKTeX 2.9\tex\latex\booktabs\booktabs.sty"
Package: booktabs 2005/04/14 v1.61803 publication quality tables
\heavyrulewidth=\dimen130
\lightrulewidth=\dimen131
\cmidrulewidth=\dimen132
\belowrulesep=\dimen133
\belowbottomsep=\dimen134
\aboverulesep=\dimen135
\abovetopsep=\dimen136
\cmidrulesep=\dimen137
\cmidrulekern=\dimen138
\defaultaddspace=\dimen139
\@cmidla=\count111
\@cmidlb=\count112
\@aboverulesep=\dimen140
\@belowrulesep=\dimen141
\@thisruleclass=\count113
\@lastruleclass=\count114
\@thisrulewidth=\dimen142
)
Package hyperref Info: Option `breaklinks' set `true' on input line 7.
 (Nan_Thesis.aux

LaTeX Warning: Label `tab:table1' multiply defined.

)
\openout1 = `Nan_Thesis.aux'.

LaTeX Font Info:    Checking defaults for OML/cmm/m/it on input line 117.
LaTeX Font Info:    ... okay on input line 117.
LaTeX Font Info:    Checking defaults for T1/cmr/m/n on input line 117.
LaTeX Font Info:    ... okay on input line 117.
LaTeX Font Info:    Checking defaults for OT1/cmr/m/n on input line 117.
LaTeX Font Info:    ... okay on input line 117.
LaTeX Font Info:    Checking defaults for OMS/cmsy/m/n on input line 117.
LaTeX Font Info:    ... okay on input line 117.
LaTeX Font Info:    Checking defaults for OMX/cmex/m/n on input line 117.
LaTeX Font Info:    ... okay on input line 117.
LaTeX Font Info:    Checking defaults for U/cmr/m/n on input line 117.
LaTeX Font Info:    ... okay on input line 117.
LaTeX Font Info:    Checking defaults for PD1/pdf/m/n on input line 117.
LaTeX Font Info:    ... okay on input line 117.
Package caption Info: Begin \AtBeginDocument code.
Package caption Info: float package is loaded.
Package caption Info: hyperref package is loaded.
Package caption Info: longtable package is loaded.
 ("D:\Program Files\MiKTeX 2.9\tex\latex\caption\ltcaption.sty"
Package: ltcaption 2013/06/09 v1.4-94 longtable captions (AR)
)
Package caption Info: End \AtBeginDocument code.

*geometry* driver: auto-detecting
*geometry* detected driver: pdftex
*geometry* verbose mode - [ preamble ] result:
* driver: pdftex
* paper: letterpaper
* layout: <same size as paper>
* layoutoffset:(h,v)=(0.0pt,0.0pt)
* modes: 
* h-part:(L,W,R)=(71.13188pt, 472.03123pt, 71.13188pt)
* v-part:(T,H,B)=(71.13188pt, 652.70622pt, 71.13188pt)
* \paperwidth=614.295pt
* \paperheight=794.96999pt
* \textwidth=472.03123pt
* \textheight=652.70622pt
* \oddsidemargin=-1.1381pt
* \evensidemargin=-1.1381pt
* \topmargin=-38.1381pt
* \headheight=12.0pt
* \headsep=25.0pt
* \topskip=10.0pt
* \footskip=30.0pt
* \marginparwidth=65.0pt
* \marginparsep=11.0pt
* \columnsep=10.0pt
* \skip\footins=20.0pt plus 4.0pt minus 4.0pt
* \hoffset=0.0pt
* \voffset=0.0pt
* \mag=1000
* \@twocolumnfalse
* \@twosidefalse
* \@mparswitchfalse
* \@reversemarginfalse
* (1in=72.27pt=25.4mm, 1cm=28.453pt)

("D:\Program Files\MiKTeX 2.9\tex\context\base\supp-pdf.mkii"
[Loading MPS to PDF converter (version 2006.09.02).]
\scratchcounter=\count115
\scratchdimen=\dimen143
\scratchbox=\box33
\nofMPsegments=\count116
\nofMParguments=\count117
\everyMPshowfont=\toks20
\MPscratchCnt=\count118
\MPscratchDim=\dimen144
\MPnumerator=\count119
\makeMPintoPDFobject=\count120
\everyMPtoPDFconversion=\toks21
) ("D:\Program Files\MiKTeX 2.9\tex\latex\oberdiek\epstopdf-base.sty"
Package: epstopdf-base 2016/05/15 v2.6 Base part for package epstopdf

("D:\Program Files\MiKTeX 2.9\tex\latex\oberdiek\grfext.sty"
Package: grfext 2016/05/16 v1.2 Manage graphics extensions (HO)
)
Package epstopdf-base Info: Redefining graphics rule for `.eps' on input line 4
38.
Package grfext Info: Graphics extension search list:
(grfext)             [.png,.pdf,.jpg,.mps,.jpeg,.jbig2,.jb2,.PNG,.PDF,.JPG,.JPE
G,.JBIG2,.JB2,.eps]
(grfext)             \AppendGraphicsExtensions on input line 456.
)
\AtBeginShipoutBox=\box34
Package hyperref Info: Link coloring OFF on input line 117.

("D:\Program Files\MiKTeX 2.9\tex\latex\hyperref\nameref.sty"
Package: nameref 2016/05/21 v2.44 Cross-referencing by name of section

("D:\Program Files\MiKTeX 2.9\tex\generic\oberdiek\gettitlestring.sty"
Package: gettitlestring 2016/05/16 v1.5 Cleanup title references (HO)
)
\c@section@level=\count121
)
LaTeX Info: Redefining \ref on input line 117.
LaTeX Info: Redefining \pageref on input line 117.
LaTeX Info: Redefining \nameref on input line 117.

(Nan_Thesis.out) (Nan_Thesis.out)
\@outlinefile=\write3
\openout3 = `Nan_Thesis.out'.

LaTeX Font Info:    Try loading font information for OMS+cmr on input line 121.


("D:\Program Files\MiKTeX 2.9\tex\latex\base\omscmr.fd"
File: omscmr.fd 2014/09/29 v2.5h Standard LaTeX font definitions
)
LaTeX Font Info:    Font shape `OMS/cmr/m/n' in size <14.4> not available
(Font)              Font shape `OMS/cmsy/m/n' tried instead on input line 121.
 [1

{C:/ProgramData/MiKTeX/2.9/pdftex/config/pdftex.map}]
Underfull \hbox (badness 10000) in paragraph at lines 123--123

 []

[1

] [2

]
Missing character: There is no â in font cmr10!
Missing character: There is no € in font cmr10!
Missing character: There is no ™ in font cmr10!
 [3

] (Nan_Thesis.toc
LaTeX Font Info:    External font `cmex10' loaded for size
(Font)              <7> on input line 1.
LaTeX Font Info:    External font `cmex10' loaded for size
(Font)              <5> on input line 1.
 [4])
\tf@toc=\write4
\openout4 = `Nan_Thesis.toc'.

 [5] (Nan_Thesis.lot)
\tf@lot=\write5
\openout5 = `Nan_Thesis.lot'.

 [6] (Nan_Thesis.lof)
\tf@lof=\write6
\openout6 = `Nan_Thesis.lof'.


[7] [8

]
Chapter 1.
pdfTeX warning (ext4): destination with the same identifier (name{page.1}) has 
been already used, duplicate ignored
<to be read again> 
                   \relax 
l.135 \chapter
              {Problem Definition} [1

]
Chapter 2.
LaTeX Font Info:    Font shape `OMS/cmr/m/n' in size <10> not available
(Font)              Font shape `OMS/cmsy/m/n' tried instead on input line 139.
[2

] [3]
Chapter 3.
<pic/IoTtrend.png, id=479, 477.28313pt x 305.64188pt>
File: pic/IoTtrend.png Graphic file (type png)
 <use pic/IoTtrend.png>
Package pdftex.def Info: pic/IoTtrend.png used on input line 174.
(pdftex.def)             Requested size: 477.28195pt x 305.64111pt.

Overfull \hbox (5.25072pt too wide) in paragraph at lines 174--175
 [][] 
 []

[4

 <./pic/IoTtrend.png>] [5]
<pic/soapformat.png, id=506, 280.79906pt x 347.79938pt>
File: pic/soapformat.png Graphic file (type png)

<use pic/soapformat.png>
Package pdftex.def Info: pic/soapformat.png used on input line 215.
(pdftex.def)             Requested size: 224.63954pt x 278.23987pt.


LaTeX Warning: `h' float specifier changed to `ht'.

[6] [7 <./pic/soapformat.png>] [8]
Missing character: There is no â in font cmr10!
Missing character: There is no € in font cmr10!
Missing character: There is no ™ in font cmr10!
 [9]
<pic/mqttformat.png, id=541, 391.4625pt x 174.6525pt>
File: pic/mqttformat.png Graphic file (type png)
 <use pic/mqttformat.png>
Package pdftex.def Info: pic/mqttformat.png used on input line 274.
(pdftex.def)             Requested size: 313.17041pt x 139.72218pt.
Missing character: There is no â in font cmr10!
Missing character: There is no € in font cmr10!
Missing character: There is no ™ in font cmr10!

[10 <./pic/mqttformat.png>]
<pic/coapformat.png, id=553, 365.86688pt x 124.96687pt>
File: pic/coapformat.png Graphic file (type png)

<use pic/coapformat.png>
Package pdftex.def Info: pic/coapformat.png used on input line 297.
(pdftex.def)             Requested size: 365.86598pt x 124.96657pt.
 [11 <./pic/coapformat.png>]
<pic/coapusecase.png, id=563, 417.5235pt x 234.549pt>
File: pic/coapusecase.png Graphic file (type png)

<use pic/coapusecase.png>
Package pdftex.def Info: pic/coapusecase.png used on input line 326.
(pdftex.def)             Requested size: 417.52246pt x 234.54842pt.


LaTeX Warning: `h' float specifier changed to `ht'.

[12] [13 <./pic/coapusecase.png>]
Missing character: There is no â in font cmr10!
Missing character: There is no € in font cmr10!
Missing character: There is no ™ in font cmr10!
Missing character: There is no â in font cmr10!
Missing character: There is no € in font cmr10!
Missing character: There is no ™ in font cmr10!

Underfull \vbox (badness 2401) has occurred while \output is active []

 [14]
<pic/classicbluetoothtopology.png, id=588, 623.32875pt x 363.60844pt>
File: pic/classicbluetoothtopology.png Graphic file (type png)

<use pic/classicbluetoothtopology.png>
Package pdftex.def Info: pic/classicbluetoothtopology.png used on input line 37
8.
(pdftex.def)             Requested size: 374.00014pt x 218.16673pt.


LaTeX Warning: `h' float specifier changed to `ht'.

Missing character: There is no â in font cmr10!
Missing character: There is no € in font cmr10!
Missing character: There is no ™ in font cmr10!
[15] <pic/bluetoothproductsrelationship.png, id=601, 1144.275pt x 438.13687pt>
File: pic/bluetoothproductsrelationship.png Graphic file (type png)

<use pic/bluetoothproductsrelationship.png>
Package pdftex.def Info: pic/bluetoothproductsrelationship.png used on input li
ne 391.
(pdftex.def)             Requested size: 457.70189pt x 175.25163pt.
 [16 <./pic/classicbluetoothtopology.png> <./pic/bluetoothproductsrelationship.
png>]
<pic/gattformat.png, id=611, 440.39531pt x 523.9575pt>
File: pic/gattformat.png Graphic file (type png)

<use pic/gattformat.png>
Package pdftex.def Info: pic/gattformat.png used on input line 401.
(pdftex.def)             Requested size: 264.23921pt x 314.37692pt.

<pic/bletopopogy.png, id=614, 624.08156pt x 302.63063pt>
File: pic/bletopopogy.png Graphic file (type png)

<use pic/bletopopogy.png>
Package pdftex.def Info: pic/bletopopogy.png used on input line 409.
(pdftex.def)             Requested size: 374.45183pt x 181.57977pt.


LaTeX Warning: `h' float specifier changed to `ht'.

[17 <./pic/gattformat.png>]
Missing character: There is no â in font cmr10!
Missing character: There is no € in font cmr10!
Missing character: There is no ™ in font cmr10!
Missing character: There is no â in font cmr10!
Missing character: There is no € in font cmr10!
Missing character: There is no ™ in font cmr10!
Missing character: There is no â in font cmr10!
Missing character: There is no € in font cmr10!
Missing character: There is no ™ in font cmr10!
 [18 <./pic/bletopopogy.png>]
<pic/ble6lowpansolution.png, id=638, 302.63063pt x 161.10187pt>
File: pic/ble6lowpansolution.png Graphic file (type png)

<use pic/ble6lowpansolution.png>
Package pdftex.def Info: pic/ble6lowpansolution.png used on input line 440.
(pdftex.def)             Requested size: 302.62988pt x 161.10147pt.
Missing character: There is no â in font cmr10!
Missing character: There is no € in font cmr10!
Missing character: There is no ” in font cmr10!
 [19 <./pic/ble6lowpansolution.png>]
Missing character: There is no â in font cmr10!
Missing character: There is no € in font cmr10!
Missing character: There is no ™ in font cmr10!
 [20]
Missing character: There is no â in font cmr10!
Missing character: There is no € in font cmr10!
Missing character: There is no ™ in font cmr10!

[21]
Chapter 4.
<pic/designlayers.png, id=662, 358.33875pt x 130.98938pt>
File: pic/designlayers.png Graphic file (type png)

<use pic/designlayers.png>
Package pdftex.def Info: pic/designlayers.png used on input line 484.
(pdftex.def)             Requested size: 358.33788pt x 130.98904pt.

<pic/designapplicationlayer.png, id=663, 462.97969pt x 154.32657pt>
File: pic/designapplicationlayer.png Graphic file (type png)

<use pic/designapplicationlayer.png>
Package pdftex.def Info: pic/designapplicationlayer.png used on input line 494.

(pdftex.def)             Requested size: 462.97855pt x 154.32617pt.


LaTeX Warning: `h' float specifier changed to `ht'.

[22

 <./pic/designlayers.png>]
<pic/processcomponentflowchart.png, id=669, 603.75563pt x 270.25969pt>
File: pic/processcomponentflowchart.png Graphic file (type png)

<use pic/processcomponentflowchart.png>
Package pdftex.def Info: pic/processcomponentflowchart.png used on input line 5
15.
(pdftex.def)             Requested size: 483.00516pt x 216.20804pt.

Overfull \hbox (10.97392pt too wide) in paragraph at lines 515--516
 [][] 
 []


LaTeX Warning: `h' float specifier changed to `ht'.

[23 <./pic/designapplicationlayer.png>]
Missing character: There is no â in font cmr10!
Missing character: There is no € in font cmr10!
Missing character: There is no ™ in font cmr10!
Missing character: There is no â in font cmr10!
Missing character: There is no € in font cmr10!
Missing character: There is no ™ in font cmr10!
Missing character: There is no â in font cmr10!
Missing character: There is no € in font cmr10!
Missing character: There is no ™ in font cmr10!
Missing character: There is no â in font cmr10!
Missing character: There is no € in font cmr10!
Missing character: There is no ™ in font cmr10!
Missing character: There is no â in font cmr10!
Missing character: There is no € in font cmr10!
Missing character: There is no ™ in font cmr10!
Missing character: There is no â in font cmr10!
Missing character: There is no € in font cmr10!
Missing character: There is no ™ in font cmr10!
 [24 <./pic/processcomponentflowchart.png>]
Missing character: There is no â in font cmr10!
Missing character: There is no € in font cmr10!
Missing character: There is no ™ in font cmr10!

Underfull \vbox (badness 3735) has occurred while \output is active []

 [25]
[26] [27] <pic/networklifecycle.png, id=693, 407.27156pt x 437.38406pt>
File: pic/networklifecycle.png Graphic file (type png)

<use pic/networklifecycle.png>
Package pdftex.def Info: pic/networklifecycle.png used on input line 609.
(pdftex.def)             Requested size: 407.27055pt x 437.38298pt.

Underfull \vbox (badness 10000) has occurred while \output is active []

 [28]
<pic/communicationlifecycle.png, id=702, 422.32782pt x 438.13687pt>
File: pic/communicationlifecycle.png Graphic file (type png)

<use pic/communicationlifecycle.png>
Package pdftex.def Info: pic/communicationlifecycle.png used on input line 617.

(pdftex.def)             Requested size: 422.32678pt x 438.13579pt.

Underfull \vbox (badness 10000) has occurred while \output is active []

 [29 <./pic/networklifecycle.png>] [30 <./pic/communicationlifecycle.png>]
<pic/packetstructure.png, id=714, 408.77719pt x 120.45pt>
File: pic/packetstructure.png Graphic file (type png)

<use pic/packetstructure.png>
Package pdftex.def Info: pic/packetstructure.png used on input line 640.
(pdftex.def)             Requested size: 408.77618pt x 120.44969pt.
Missing character: There is no â in font cmr10!
Missing character: There is no € in font cmr10!
Missing character: There is no ™ in font cmr10!

<pic/communicationmechanism.png, id=715, 441.90094pt x 306.39468pt>
File: pic/communicationmechanism.png Graphic file (type png)

<use pic/communicationmechanism.png>
Package pdftex.def Info: pic/communicationmechanism.png used on input line 649.

(pdftex.def)             Requested size: 441.89986pt x 306.39394pt.

Underfull \vbox (badness 10000) has occurred while \output is active []

 [31 <./pic/packetstructure.png>]
<pic/virtualresourcemechanism.png, id=721, 505.13719pt x 432.86719pt>
File: pic/virtualresourcemechanism.png Graphic file (type png)

<use pic/virtualresourcemechanism.png>
Package pdftex.def Info: pic/virtualresourcemechanism.png used on input line 66
2.
(pdftex.def)             Requested size: 404.1103pt x 346.2942pt.
 [32 <./pic/communicationmechanism.png>]
[33 <./pic/virtualresourcemechanism.png>]
Missing character: There is no â in font cmr10!
Missing character: There is no € in font cmr10!
Missing character: There is no ™ in font cmr10!
 [34]
Chapter 5.
Missing character: There is no â in font cmr10!
Missing character: There is no € in font cmr10!
Missing character: There is no ™ in font cmr10!
<pic/code1.png, id=740, 952.30782pt x 432.86719pt>
File: pic/code1.png Graphic file (type png)
 <use pic/code1.png>
Package pdftex.def Info: pic/code1.png used on input line 688.
(pdftex.def)             Requested size: 476.15274pt x 216.43306pt.

Overfull \hbox (4.1215pt too wide) in paragraph at lines 688--689
 [][] 
 []

[35

 <./pic/code1.png>] <pic/code2.png, id=745, 1134.48843pt x 362.10281pt>
File: pic/code2.png Graphic file (type png)

<use pic/code2.png>
Package pdftex.def Info: pic/code2.png used on input line 696.
(pdftex.def)             Requested size: 510.51508pt x 162.94475pt.

Overfull \hbox (38.48384pt too wide) in paragraph at lines 696--697
 [][] 
 []

<pic/code3.png, id=746, 976.39781pt x 189.70876pt>
File: pic/code3.png Graphic file (type png)
 <use pic/code3.png>
Package pdftex.def Info: pic/code3.png used on input line 707.
(pdftex.def)             Requested size: 488.19771pt x 94.85414pt.

Overfull \hbox (16.16647pt too wide) in paragraph at lines 707--708
 [][] 
 []

[36 <./pic/code2.png> <./pic/code3.png>]
<pic/code4.png, id=751, 973.38657pt x 243.15843pt>
File: pic/code4.png Graphic file (type png)
 <use pic/code4.png>
Package pdftex.def Info: pic/code4.png used on input line 713.
(pdftex.def)             Requested size: 486.6921pt x 121.57892pt.

Overfull \hbox (14.66086pt too wide) in paragraph at lines 713--714
 [][] 
 []

[37 <./pic/code4.png>]
<pic/experimentsceenshot.png, id=756, 1156.32pt x 1541.76pt>
File: pic/experimentsceenshot.png Graphic file (type png)

<use pic/experimentsceenshot.png>
Package pdftex.def Info: pic/experimentsceenshot.png used on input line 725.
(pdftex.def)             Requested size: 346.89868pt x 462.53157pt.
 [38 <./pic/experimentsceenshot.png>]
Chapter 6.

Overfull \hbox (20.77513pt too wide) in paragraph at lines 740--750
 [][] 
 []

[39

] <pic/experiment1.png, id=765, 575.90157pt x 326.72063pt>
File: pic/experiment1.png Graphic file (type png)

<use pic/experiment1.png>
Package pdftex.def Info: pic/experiment1.png used on input line 793.
(pdftex.def)             Requested size: 460.72188pt x 261.37685pt.
 [40]
<pic/experiment1result1.png, id=773, 414.04688pt x 249.93375pt>
File: pic/experiment1result1.png Graphic file (type png)

<use pic/experiment1result1.png>
Package pdftex.def Info: pic/experiment1result1.png used on input line 805.
(pdftex.def)             Requested size: 414.04585pt x 249.93314pt.

Underfull \vbox (badness 10000) has occurred while \output is active []

 [41 <./pic/experiment1.png>]
<pic/experiment1result2.png, id=780, 411.03563pt x 247.67531pt>
File: pic/experiment1result2.png Graphic file (type png)

<use pic/experiment1result2.png>
Package pdftex.def Info: pic/experiment1result2.png used on input line 811.
(pdftex.def)             Requested size: 411.03462pt x 247.6747pt.

<pic/experiment1result3.png, id=781, 411.78844pt x 249.18094pt>
File: pic/experiment1result3.png Graphic file (type png)

<use pic/experiment1result3.png>
Package pdftex.def Info: pic/experiment1result3.png used on input line 817.
(pdftex.def)             Requested size: 411.78741pt x 249.18031pt.

Underfull \vbox (badness 10000) has occurred while \output is active []

 [42 <./pic/experiment1result1.png> <./pic/experiment1result2.png>]
Missing character: There is no â in font cmr10!
Missing character: There is no € in font cmr10!
Missing character: There is no ™ in font cmr10!

Underfull \vbox (badness 3019) has occurred while \output is active []

 [43 <./pic/experiment1result3.png>]
<pic/experiment2.png, id=791, 559.33969pt x 288.3272pt>
File: pic/experiment2.png Graphic file (type png)

<use pic/experiment2.png>
Package pdftex.def Info: pic/experiment2.png used on input line 843.
(pdftex.def)             Requested size: 447.47235pt x 230.66205pt.

<pic/experiment2result1.png, id=792, 415.5525pt x 252.945pt>
File: pic/experiment2result1.png Graphic file (type png)

<use pic/experiment2result1.png>
Package pdftex.def Info: pic/experiment2result1.png used on input line 857.
(pdftex.def)             Requested size: 415.55148pt x 252.94438pt.
 [44 <./pic/experiment2.png>]
<pic/experiment2result2.png, id=800, 414.79968pt x 249.18094pt>
File: pic/experiment2result2.png Graphic file (type png)

<use pic/experiment2result2.png>
Package pdftex.def Info: pic/experiment2result2.png used on input line 863.
(pdftex.def)             Requested size: 414.79868pt x 249.18031pt.
 [45 <./pic/experiment2result1.png> <./pic/experiment2result2.png>]
<pic/experiment3result1.png, id=805, 411.03563pt x 243.15843pt>
File: pic/experiment3result1.png Graphic file (type png)

<use pic/experiment3result1.png>
Package pdftex.def Info: pic/experiment3result1.png used on input line 886.
(pdftex.def)             Requested size: 411.03462pt x 243.15784pt.

<pic/experiment3result2.png, id=806, 415.5525pt x 240.14719pt>
File: pic/experiment3result2.png Graphic file (type png)

<use pic/experiment3result2.png>
Package pdftex.def Info: pic/experiment3result2.png used on input line 892.
(pdftex.def)             Requested size: 415.55148pt x 240.14658pt.
 [46 <./pic/experiment3result1.png>]
<pic/experiment3result3.png, id=815, 411.78844pt x 242.40562pt>
File: pic/experiment3result3.png Graphic file (type png)

<use pic/experiment3result3.png>
Package pdftex.def Info: pic/experiment3result3.png used on input line 898.
(pdftex.def)             Requested size: 411.78741pt x 242.40501pt.
Missing character: There is no â in font cmr10!
Missing character: There is no € in font cmr10!
Missing character: There is no ™ in font cmr10!
 [47 <./pic/experiment3result2.png> <./pic/experiment3result3.png>] [48]
<pic/experiment4.png, id=826, 496.10344pt x 287.57437pt>
File: pic/experiment4.png Graphic file (type png)

<use pic/experiment4.png>
Package pdftex.def Info: pic/experiment4.png used on input line 922.
(pdftex.def)             Requested size: 496.10222pt x 287.57367pt.

Overfull \hbox (24.07098pt too wide) in paragraph at lines 922--923
 [][] 
 []

Missing character: There is no â in font cmr10!
Missing character: There is no € in font cmr10!
Missing character: There is no ™ in font cmr10!
Missing character: There is no â in font cmr10!
Missing character: There is no € in font cmr10!
Missing character: There is no ™ in font cmr10!
[49 <./pic/experiment4.png>]
Missing character: There is no â in font cmr10!
Missing character: There is no € in font cmr10!
Missing character: There is no ™ in font cmr10!
 [50]
Chapter 7.
Missing character: There is no â in font cmr10!
Missing character: There is no € in font cmr10!
Missing character: There is no ™ in font cmr10!
Missing character: There is no â in font cmr10!
Missing character: There is no € in font cmr10!
Missing character: There is no ™ in font cmr10!
[51

]
Missing character: There is no â in font cmr10!
Missing character: There is no € in font cmr10!
Missing character: There is no ™ in font cmr10!
 [52] [53] (Nan_Thesis.bbl
Underfull \hbox (badness 2080) in paragraph at lines 68--72
[]\OT1/cmr/m/n/10 Martin Fowler.  Richard-son ma-tu-rity model: steps to-ward t
he glory of rest.  \OT1/cmr/m/it/10 On-line at
 []

[54

]
Missing character: There is no Â in font cmr10!
Missing character: There is no ® in font cmr10!
Missing character: There is no Â in font cmr10!
Missing character: There is no ® in font cmr10!
 [55]) [56]
Appendix A.
Package atveryend Info: Empty hook `BeforeClearDocument' on input line 1009.
[57

]
Package atveryend Info: Empty hook `AfterLastShipout' on input line 1009.
 (Nan_Thesis.aux)
Package atveryend Info: Executing hook `AtVeryEndDocument' on input line 1009.
Package atveryend Info: Executing hook `AtEndAfterFileList' on input line 1009.

Package rerunfilecheck Info: File `Nan_Thesis.out' has not changed.
(rerunfilecheck)             Checksum: 4658F45172447F168B3F0D1F1D49C29B;4323.


LaTeX Warning: There were multiply-defined labels.

Package atveryend Info: Empty hook `AtVeryVeryEnd' on input line 1009.
 ) 
Here is how much of TeX's memory you used:
 7888 strings out of 493334
 121712 string characters out of 3139258
 217331 words of memory out of 3000000
 11079 multiletter control sequences out of 15000+200000
 6830 words of font info for 25 fonts, out of 3000000 for 9000
 1141 hyphenation exceptions out of 8191
 43i,7n,42p,1265b,467s stack positions out of 5000i,500n,10000p,200000b,50000s
<D:/Program Files/MiKTeX 2.9/fonts/type1/public/amsfonts/cm/cmbx10.pfb><D:/Pr
ogram Files/MiKTeX 2.9/fonts/type1/public/amsfonts/cm/cmbx12.pfb><D:/Program Fi
les/MiKTeX 2.9/fonts/type1/public/amsfonts/cm/cmcsc10.pfb><D:/Program Files/MiK
TeX 2.9/fonts/type1/public/amsfonts/cm/cmr10.pfb><D:/Program Files/MiKTeX 2.9/f
onts/type1/public/amsfonts/cm/cmr12.pfb><D:/Program Files/MiKTeX 2.9/fonts/type
1/public/amsfonts/cm/cmsy10.pfb><D:/Program Files/MiKTeX 2.9/fonts/type1/public
/amsfonts/cm/cmti10.pfb><D:/Program Files/MiKTeX 2.9/fonts/type1/public/amsfont
s/cm/cmtt10.pfb>
Output written on Nan_Thesis.pdf (66 pages, 1559575 bytes).
PDF statistics:
 977 PDF objects out of 1000 (max. 8388607)
 238 named destinations out of 1000 (max. 500000)
 699 words of extra memory for PDF output out of 10000 (max. 10000000)

